/*C17*/SET SCHEMA PUBLIC
CREATE TABLE IF NOT EXISTS AL_CONFIGURATION ( PROPERTY_NAME VARCHAR(255) NOT NULL UNIQUE , PROPERTY_VALUE LONGVARCHAR ) 
CREATE TABLE IF NOT EXISTS AL_GROUPS ( GROUP_NAME VARCHAR(255) NOT NULL PRIMARY KEY , DESCRIPTION LONGVARCHAR ) 
CREATE TABLE IF NOT EXISTS AL_TABLES ( TABLE_NAME VARCHAR(255) NOT NULL PRIMARY KEY , GROUP_NAME VARCHAR(255) , DESCRIPTION LONGVARCHAR ) 
CREATE TABLE IF NOT EXISTS AL_CUSTOM_TYPE ( TABLE_NAME VARCHAR(255) , COLUMN_NAME VARCHAR(255) , TYPE VARCHAR(255) , NAME VARCHAR(255) ) 
CREATE TABLE IF NOT EXISTS AL_VIEWS ( VIEW_NAME VARCHAR(255) NOT NULL UNIQUE , VIEW_DEFINITION LONGVARCHAR , IS_VALID BOOLEAN ) 
CREATE TABLE IF NOT EXISTS AL_SELECTED_LOG_OBJECTS ( NAME VARCHAR(255) NOT NULL UNIQUE , TYPE VARCHAR(255) ) 
CREATE TABLE IF NOT EXISTS AL_DB_OBJECTS ( NAME VARCHAR(255) NOT NULL UNIQUE , TYPE VARCHAR(255) , USAGE VARCHAR(255) ) 
/*C18*/SET SCHEMA PUBLIC
DELETE FROM ESTACIONES WHERE AL_ID=2030
DELETE FROM ESTACIONES WHERE AL_ID=2031
DELETE FROM ESTACIONES WHERE AL_ID=2032
DELETE FROM ESTACIONES WHERE AL_ID=2033
DELETE FROM ESTACIONES WHERE AL_ID=2034
DELETE FROM ESTACIONES WHERE AL_ID=2035
DELETE FROM ESTACIONES WHERE AL_ID=2036
DELETE FROM ESTACIONES WHERE AL_ID=2037
DELETE FROM ESTACIONES WHERE AL_ID=2038
DELETE FROM ESTACIONES WHERE AL_ID=2039
DELETE FROM ESTACIONES WHERE AL_ID=2040
DELETE FROM ESTACIONES WHERE AL_ID=2041
DELETE FROM ESTACIONES WHERE AL_ID=2042
DELETE FROM ESTACIONES WHERE AL_ID=2043
DELETE FROM ESTACIONES WHERE AL_ID=2044
DELETE FROM ESTACIONES WHERE AL_ID=2045
DELETE FROM ESTACIONES WHERE AL_ID=2046
DELETE FROM ESTACIONES WHERE AL_ID=2047
DELETE FROM ESTACIONES WHERE AL_ID=2048
DELETE FROM ESTACIONES WHERE AL_ID=2049
DELETE FROM ESTACIONES WHERE AL_ID=2050
DELETE FROM ESTACIONES WHERE AL_ID=2051
DELETE FROM ESTACIONES WHERE AL_ID=2052
DELETE FROM ESTACIONES WHERE AL_ID=2053
DELETE FROM ESTACIONES WHERE AL_ID=2054
DELETE FROM ESTACIONES WHERE AL_ID=2055
DELETE FROM ESTACIONES WHERE AL_ID=2056
DELETE FROM ESTACIONES WHERE AL_ID=2057
DELETE FROM ESTACIONES WHERE AL_ID=2058
DELETE FROM ESTACIONES WHERE AL_ID=2059
DELETE FROM ESTACIONES WHERE AL_ID=2060
DELETE FROM ESTACIONES WHERE AL_ID=2061
DELETE FROM ESTACIONES WHERE AL_ID=2062
DELETE FROM ESTACIONES WHERE AL_ID=2063
DELETE FROM ESTACIONES WHERE AL_ID=2064
DELETE FROM ESTACIONES WHERE AL_ID=2065
DELETE FROM ESTACIONES WHERE AL_ID=2066
DELETE FROM ESTACIONES WHERE AL_ID=2067
DELETE FROM ESTACIONES WHERE AL_ID=2068
DELETE FROM ESTACIONES WHERE AL_ID=2069
DELETE FROM ESTACIONES WHERE AL_ID=2070
DELETE FROM ESTACIONES WHERE AL_ID=2071
DELETE FROM ESTACIONES WHERE AL_ID=2072
DELETE FROM ESTACIONES WHERE AL_ID=2073
DELETE FROM ESTACIONES WHERE AL_ID=2074
DELETE FROM ESTACIONES WHERE AL_ID=2075
DELETE FROM ESTACIONES WHERE AL_ID=2076
DELETE FROM ESTACIONES WHERE AL_ID=2077
DELETE FROM ESTACIONES WHERE AL_ID=2078
DELETE FROM ESTACIONES WHERE AL_ID=2079
DELETE FROM ESTACIONES WHERE AL_ID=2080
DELETE FROM ESTACIONES WHERE AL_ID=2081
DELETE FROM ESTACIONES WHERE AL_ID=2082
DELETE FROM ESTACIONES WHERE AL_ID=2083
DELETE FROM ESTACIONES WHERE AL_ID=2084
DELETE FROM ESTACIONES WHERE AL_ID=2085
DELETE FROM ESTACIONES WHERE AL_ID=2086
DELETE FROM ESTACIONES WHERE AL_ID=2087
DELETE FROM ESTACIONES WHERE AL_ID=2088
DELETE FROM ESTACIONES WHERE AL_ID=2089
DELETE FROM ESTACIONES WHERE AL_ID=2090
DELETE FROM ESTACIONES WHERE AL_ID=2091
DELETE FROM ESTACIONES WHERE AL_ID=2092
DELETE FROM ESTACIONES WHERE AL_ID=2093
DELETE FROM ESTACIONES WHERE AL_ID=2094
DELETE FROM ESTACIONES WHERE AL_ID=2095
DELETE FROM ESTACIONES WHERE AL_ID=2096
DELETE FROM ESTACIONES WHERE AL_ID=2097
DELETE FROM ESTACIONES WHERE AL_ID=2098
DELETE FROM ESTACIONES WHERE AL_ID=2099
INSERT INTO ESTACIONES VALUES(2100,1,'Museo Castagnino','Oro\u00f1o 1658',1,'active',1629830948,FALSE,0,19,1,-32.95421439665977E0,-60.65598696470261E0)
INSERT INTO ESTACIONES VALUES(2101,2,'Paseo Pellegrini','Av. Pellegrini 1377',2,'active',1629830951,FALSE,0,20,0,-32.95666307690848E0,-60.64486920833588E0)
INSERT INTO ESTACIONES VALUES(2102,3,'Plaza L\u00f3pez','Pellegrini  779',3,'active',1629830955,FALSE,0,11,9,-32.95812144981906E0,-60.63670188188553E0)
INSERT INTO ESTACIONES VALUES(2103,4,'Fac. de Ingenier\u00eda','Av. Pellegrini 280',4,'active',1629830943,FALSE,0,9,11,-32.95921521370776E0,-60.62944918870926E0)
INSERT INTO ESTACIONES VALUES(2104,5,'Ciudad Univ. I','Riobamba 239 BIS',5,'active',1629830941,FALSE,0,11,10,-32.96736625395059E0,-60.62357246875763E0)
INSERT INTO ESTACIONES VALUES(2105,6,'Ciudad Univ. II','Berruti 2271',6,'active',1629830945,FALSE,0,9,7,-32.96850040867347E0,-60.62398016452789E0)
INSERT INTO ESTACIONES VALUES(2106,7,'Terminal','Cafferata 723',7,'active',1629830935,FALSE,0,19,2,-32.93944885753075E0,-60.67054331302643E0)
INSERT INTO ESTACIONES VALUES(2107,8,'Fac. Medicina','Av. Francia 723',8,'active',1629830944,FALSE,3,13,4,-32.9403492658816E0,-60.665243268013E0)
INSERT INTO ESTACIONES VALUES(2108,9,'Pueyrred\u00f3n','Pueyrred\u00f3n 1023',9,'active',1629830951,FALSE,1,4,4,-32.94573801821987E0,-60.65809518098831E0)
INSERT INTO ESTACIONES VALUES(2109,10,'Fac. Ciencias Econ\u00f3micas','Bv. Oro\u00f1o 1283',10,'active',1629830937,FALSE,1,16,4,-32.94996730598237E0,-60.65478533506393E0)
INSERT INTO ESTACIONES VALUES(2110,11,'Plaza San Mart\u00edn','Mariano Moreno 779',11,'active',1629830952,FALSE,0,9,10,-32.94402733877261E0,-60.65053671598434E0)
INSERT INTO ESTACIONES VALUES(2111,12,'Plaza Pringles','C\u00f3rdoba 1551',12,'active',1629830931,FALSE,1,16,4,-32.94531035146112E0,-60.64449772238731E0)
INSERT INTO ESTACIONES VALUES(2112,13,'Plaza Montenegro','San Luis 1020',14,'active',1629830942,FALSE,0,18,3,-32.9493843560409E0,-60.63740864396095E0)
INSERT INTO ESTACIONES VALUES(2113,14,'Plaza Sarmiento','Entre Rios 1016',13,'active',1629830942,FALSE,0,17,3,-32.94882616098827E0,-60.64177662134171E0)
INSERT INTO ESTACIONES VALUES(2114,15,'Plaza 25 de Mayo','C\u00f3rdoba 720',15,'active',1629830937,FALSE,0,18,2,-32.94755220262625E0,-60.63288778066635E0)
INSERT INTO ESTACIONES VALUES(2115,16,'Pichincha','Bv. Oro\u00f1o 173',16,'active',1629830926,FALSE,1,5,15,-32.93659000025387E0,-60.65140575170517E0)
INSERT INTO ESTACIONES VALUES(2116,17,'Distrito Centro','Wheelwright 1587',17,'active',1629830947,FALSE,2,11,9,-32.93587864817957E0,-60.64261347055435E0)
INSERT INTO ESTACIONES VALUES(2117,18,'Parque Espa\u00f1a','Dr. Mario Armas 1005',18,'active',1629830946,FALSE,1,8,11,-32.94099755421734E0,-60.63473045825958E0)
INSERT INTO ESTACIONES VALUES(2118,21,'Parque Independencia I','Av. Pellegrini 2775',19,'active',1629830942,FALSE,0,6,6,-32.95358421061909E0,-60.66343545913696E0)
INSERT INTO ESTACIONES VALUES(2119,22,'HECA / UCA','Av. Pellegrini 3275',33,'active',1629830945,FALSE,0,20,0,-32.95206724436681E0,-60.67079275846481E0)
INSERT INTO ESTACIONES VALUES(2120,23,'Parque Independencia II','Av. J Coronado 2667',31,'active',1629830941,FALSE,0,19,1,-32.96512040461018E0,-60.65592795610428E0)
INSERT INTO ESTACIONES VALUES(2121,24,'Parque de la Arenera','Av. Estanislao L\u00f3pez 2861',36,'active',1629830946,FALSE,0,16,4,-32.92663505330592E0,-60.65880596637726E0)
INSERT INTO ESTACIONES VALUES(2122,25,'Plaza Suecia','Bv. Oro\u00f1o 239 bis',28,'active',1629830946,FALSE,1,9,11,-32.93184904583995E0,-60.65018132328987E0)
INSERT INTO ESTACIONES VALUES(2123,26,'Gimnasio UNR','Mariano Moreno 483',26,'active',1629830942,FALSE,0,19,1,-32.94041229412281E0,-60.64960062503815E0)
INSERT INTO ESTACIONES VALUES(2124,27,'Abasto','Entre R\u00edos 2230',21,'active',1629830939,FALSE,1,17,3,-32.96268096048085E0,-60.64523935317993E0)
INSERT INTO ESTACIONES VALUES(2125,28,'Parque Hip\u00f3lito Yrigoyen','27 de Febrero 880',32,'active',1629830927,FALSE,0,12,4,-32.96806835144843E0,-60.64059376716614E0)
INSERT INTO ESTACIONES VALUES(2126,29,'Rep\u00fablica de la Sexta','Buenos Aires 2181',22,'active',1629830936,FALSE,0,8,12,-32.96399070730771E0,-60.63680648803711E0)
INSERT INTO ESTACIONES VALUES(2127,30,'Barrio Martin','Mendoza 391',24,'active',1629830952,FALSE,3,7,9,-32.95339515393067E0,-60.62930703163147E0)
INSERT INTO ESTACIONES VALUES(2128,31,'Pichincha II','Salta 2820',25,'active',1629830930,FALSE,1,19,1,-32.93516278810112E0,-60.65977692604065E0)
INSERT INTO ESTACIONES VALUES(2129,32,'Plaza Cooperaci\u00f3n','Tucuman 1221',27,'active',1629830926,FALSE,1,19,1,-32.94162782998716E0,-60.63880205154419E0)
INSERT INTO ESTACIONES VALUES(2130,33,'Barrio Parque','Av. Francia 2270',29,'active',1629830927,FALSE,1,6,6,-32.95894064873677E0,-60.67002296447754E0)
INSERT INTO ESTACIONES VALUES(2131,34,'Estadio Municipal','27 de Febrero 2700',30,'active',1629830939,FALSE,0,11,9,-32.96361263805213E0,-60.66525936126709E0)
INSERT INTO ESTACIONES VALUES(2132,35,'CC Echesortu','Mendoza 3481',34,'active',1629830937,FALSE,0,18,2,-32.94575602519591E0,-60.6721043586731E0)
INSERT INTO ESTACIONES VALUES(2133,36,'Paseo Pellegrini II','Av. Pellegrini 1851',20,'active',1629830937,FALSE,2,12,8,-32.9556277975818E0,-60.65117239952087E0)
INSERT INTO ESTACIONES VALUES(2134,37,'Club Provincial','Bv. Oro\u00f1o 3180',49,'active',1629830951,FALSE,2,10,6,-32.97151124878278E0,-60.6603080034256E0)
INSERT INTO ESTACIONES VALUES(2135,38,'Barrio Hospitales','Rueda 1128',37,'active',1629830926,FALSE,2,9,11,-32.97084968284816E0,-60.64461708068848E0)
INSERT INTO ESTACIONES VALUES(2136,39,'Parque Hip\u00f3lito Yrigoyen II','Al\u00e9m 2624',38,'active',1629830928,FALSE,0,9,7,-32.96977681526667E0,-60.63395261764526E0)
INSERT INTO ESTACIONES VALUES(2137,40,'Plaza Gral. Toribio de Luzuriaga','Av. San Mart\u00edn 3427 y Uruguay',51,'active',1629830944,FALSE,0,12,4,-32.97733374029842E0,-60.64409136772156E0)
INSERT INTO ESTACIONES VALUES(2138,41,'Pellegrini y Avellaneda',' Av. Pellegrini 4079',41,'active',1629830954,FALSE,0,9,3,-32.95019913442736E0,-60.68156719207764E0)
INSERT INTO ESTACIONES VALUES(2139,42,'Puerto Norte','Carballo 184',44,'active',1629830922,FALSE,0,16,4,-32.92301479484789E0,-60.66567778587341E0)
INSERT INTO ESTACIONES VALUES(2140,43,'Lagos y Segui','Ov. Lagos 3581 y Segui',47,'active',1629830953,FALSE,1,9,6,-32.97468399612914E0,-60.66910028457642E0)
INSERT INTO ESTACIONES VALUES(2141,44,'Barrio Matheu','Bv. Segui 1319 y Entre R\u00edos',50,'active',1629830933,FALSE,1,7,9,-32.9785541435317E0,-60.64939141273499E0)
INSERT INTO ESTACIONES VALUES(2142,45,'CC Echesortu II','Mendoza 4085 y Av. Avellaneda',45,'active',1629830948,FALSE,1,16,4,-32.94441899725177E0,-60.68002223968506E0)
INSERT INTO ESTACIONES VALUES(2143,46,'Bella Vista','Bv. Avellaneda 2389 y Godoy',39,'active',1629830936,FALSE,0,6,6,-32.95778386563791E0,-60.68373441696167E0)
INSERT INTO ESTACIONES VALUES(2144,47,'Alto Rosario','Junin 391',43,'active',1629830950,FALSE,0,8,12,-32.92653599347845E0,-60.6690788269043E0)
INSERT INTO ESTACIONES VALUES(2145,48,'Oro\u00f1o y Segui','Bv. Segui 2186',48,'active',1629830952,FALSE,0,10,6,-32.97646608507204E0,-60.66103219985962E0)
INSERT INTO ESTACIONES VALUES(2146,49,'Plaza Eva Duarte de Per\u00f3n','Ayacucho 3385 y Ayolas',52,'active',1629830948,FALSE,1,13,7,-32.97858114396427E0,-60.63432276248932E0)
INSERT INTO ESTACIONES VALUES(2147,50,'Refiner\u00eda','Bv. Avellaneda  518 BIS y Carballo',42,'active',1629830948,FALSE,1,11,5,-32.92171051403622E0,-60.67459104854584E0)
INSERT INTO ESTACIONES VALUES(2148,51,'Arroyito','Bv. Avellaneda 1006 BIS y J. Ingenieros',46,'active',1629830934,FALSE,0,11,5,-32.91607261912905E0,-60.67317350108146E0)
INSERT INTO ESTACIONES VALUES(2149,52,'Barrio Agote','Salta 3228',35,'active',1629830925,FALSE,0,15,5,-32.93410631523491E0,-60.66570220787048E0)
INSERT INTO ESTACIONES VALUES(2150,53,'Cinco esquinas','Riobamba 3585  y San Nicol\u00e1s ',40,'active',1629830952,FALSE,0,11,0,-32.95708325593757E0,-60.67632375556946E0)
INSERT INTO ESTACIONES VALUES(2151,54,'Barrio Lourdes','Mendoza 2771',23,'active',1629830945,FALSE,1,18,2,-32.94759428718157E0,-60.6621026833725E0)
INSERT INTO ESTACIONES VALUES(2152,57,'Avellaneda y C\u00f3rdoba','Avellaneda 835',53,'active',1629830940,FALSE,0,17,3,-32.939457E0,-60.679149E0)
INSERT INTO ESTACIONES VALUES(2153,58,'Distrito Oeste','Av. Pte. Per\u00f3n 4602',54,'active',1629830932,FALSE,1,13,6,-32.9581866E0,-60.6913242E0)
INSERT INTO ESTACIONES VALUES(2154,60,'Portal Rosario','Nansen 335',56,'active',1629830932,FALSE,0,6,13,-32.9093257E0,-60.6833951E0)
INSERT INTO ESTACIONES VALUES(2155,62,'Lisandro de la Torre','Bv. Rondeau 112',57,'active',1629830949,FALSE,0,7,13,-32.91422795893311E0,-60.68635056866098E0)
INSERT INTO ESTACIONES VALUES(2156,67,'Plaza Alberdi','Bv. Rondeau 1950',60,'active',1629830951,FALSE,0,10,10,-32.89464556057717E0,-60.69265425549448E0)
INSERT INTO ESTACIONES VALUES(2157,68,'Rondeau y Washington','Bv. Rondeau 1365',59,'active',1629830938,FALSE,0,12,3,-32.9004262817609E0,-60.69081468532575E0)
INSERT INTO ESTACIONES VALUES(2158,69,'PAMI II','Oliv\u00e9 1175',55,'active',1629830930,FALSE,3,6,14,-32.91293717782394E0,-60.68009608761775E0)
INSERT INTO ESTACIONES VALUES(2159,70,'La Rambla','Av. Eudoro Carrasco 2034',61,'active',1629830941,FALSE,2,23,19,-32.89180515414552E0,-60.68577111042986E0)
INSERT INTO ESTACIONES VALUES(2160,71,'La Florida','Av. Eudoro Carrasco 3226',62,'active',1629830942,FALSE,1,11,9,-32.88490773761225E0,-60.68735302130975E0)
INSERT INTO ESTACIONES VALUES(2161,72,'Parque Alem','Av. Frondizi 3163',63,'active',1629830940,FALSE,0,12,8,-32.910503E0,-60.677572E0)
INSERT INTO ESTACIONES VALUES(2162,73,'Rondeau y Sorrento','Bv. Rondeau 883',58,'active',1629830949,FALSE,0,9,7,-32.90654927658849E0,-60.6889224677472E0)
INSERT INTO ESTACIONES VALUES(2163,74,'Mendoza y Sucre','Mendoza 4881',64,'active',1629830934,FALSE,0,15,5,-32.942375E0,-60.691032E0)
INSERT INTO ESTACIONES VALUES(2164,75,'Plaza Azcu\u00e9naga','Mendoza 5335',65,'active',1629830931,FALSE,0,20,0,-32.941427E0,-60.696252E0)
INSERT INTO ESTACIONES VALUES(2165,76,'Mendoza y Magallanes','Mendoza 6043',66,'active',1629830938,FALSE,0,17,3,-32.940079E0,-60.705073E0)
INSERT INTO ESTACIONES VALUES(2166,77,'Cuatro Plazas','Mendoza 6591',67,'active',1629830946,FALSE,1,7,13,-32.940247E0,-60.711147E0)
INSERT INTO ESTACIONES VALUES(2167,78,'Provincias Unidas y Eva Per\u00f3n','Av. Provincias Unidas 410',68,'active',1629830945,FALSE,0,17,2,-32.933226E0,-60.713076E0)
INSERT INTO ESTACIONES VALUES(2168,82,'Distrito Noroeste','Av. Provincias Unidas 150 bis',69,'active',1629830942,FALSE,0,8,11,-32.928205E0,-60.712881E0)
INSERT INTO ESTACIONES VALUES(2169,85,'Costa Alta','Av. Eudoro Carrasco 4217',72,'active',1629830940,FALSE,2,15,5,-32.8736414E0,-60.6890764E0)
COMMIT
DISCONNECT
/*C19*/SET SCHEMA PUBLIC
DELETE FROM ESTACIONES WHERE AL_ID=2100
DELETE FROM ESTACIONES WHERE AL_ID=2101
DELETE FROM ESTACIONES WHERE AL_ID=2102
DELETE FROM ESTACIONES WHERE AL_ID=2103
DELETE FROM ESTACIONES WHERE AL_ID=2104
DELETE FROM ESTACIONES WHERE AL_ID=2105
DELETE FROM ESTACIONES WHERE AL_ID=2106
DELETE FROM ESTACIONES WHERE AL_ID=2107
DELETE FROM ESTACIONES WHERE AL_ID=2108
DELETE FROM ESTACIONES WHERE AL_ID=2109
DELETE FROM ESTACIONES WHERE AL_ID=2110
DELETE FROM ESTACIONES WHERE AL_ID=2111
DELETE FROM ESTACIONES WHERE AL_ID=2112
DELETE FROM ESTACIONES WHERE AL_ID=2113
DELETE FROM ESTACIONES WHERE AL_ID=2114
DELETE FROM ESTACIONES WHERE AL_ID=2115
DELETE FROM ESTACIONES WHERE AL_ID=2116
DELETE FROM ESTACIONES WHERE AL_ID=2117
DELETE FROM ESTACIONES WHERE AL_ID=2118
DELETE FROM ESTACIONES WHERE AL_ID=2119
DELETE FROM ESTACIONES WHERE AL_ID=2120
DELETE FROM ESTACIONES WHERE AL_ID=2121
DELETE FROM ESTACIONES WHERE AL_ID=2122
DELETE FROM ESTACIONES WHERE AL_ID=2123
DELETE FROM ESTACIONES WHERE AL_ID=2124
DELETE FROM ESTACIONES WHERE AL_ID=2125
DELETE FROM ESTACIONES WHERE AL_ID=2126
DELETE FROM ESTACIONES WHERE AL_ID=2127
DELETE FROM ESTACIONES WHERE AL_ID=2128
DELETE FROM ESTACIONES WHERE AL_ID=2129
DELETE FROM ESTACIONES WHERE AL_ID=2130
DELETE FROM ESTACIONES WHERE AL_ID=2131
DELETE FROM ESTACIONES WHERE AL_ID=2132
DELETE FROM ESTACIONES WHERE AL_ID=2133
DELETE FROM ESTACIONES WHERE AL_ID=2134
DELETE FROM ESTACIONES WHERE AL_ID=2135
DELETE FROM ESTACIONES WHERE AL_ID=2136
DELETE FROM ESTACIONES WHERE AL_ID=2137
DELETE FROM ESTACIONES WHERE AL_ID=2138
DELETE FROM ESTACIONES WHERE AL_ID=2139
DELETE FROM ESTACIONES WHERE AL_ID=2140
DELETE FROM ESTACIONES WHERE AL_ID=2141
DELETE FROM ESTACIONES WHERE AL_ID=2142
DELETE FROM ESTACIONES WHERE AL_ID=2143
DELETE FROM ESTACIONES WHERE AL_ID=2144
DELETE FROM ESTACIONES WHERE AL_ID=2145
DELETE FROM ESTACIONES WHERE AL_ID=2146
DELETE FROM ESTACIONES WHERE AL_ID=2147
DELETE FROM ESTACIONES WHERE AL_ID=2148
DELETE FROM ESTACIONES WHERE AL_ID=2149
DELETE FROM ESTACIONES WHERE AL_ID=2150
DELETE FROM ESTACIONES WHERE AL_ID=2151
DELETE FROM ESTACIONES WHERE AL_ID=2152
DELETE FROM ESTACIONES WHERE AL_ID=2153
DELETE FROM ESTACIONES WHERE AL_ID=2154
DELETE FROM ESTACIONES WHERE AL_ID=2155
DELETE FROM ESTACIONES WHERE AL_ID=2156
DELETE FROM ESTACIONES WHERE AL_ID=2157
DELETE FROM ESTACIONES WHERE AL_ID=2158
DELETE FROM ESTACIONES WHERE AL_ID=2159
DELETE FROM ESTACIONES WHERE AL_ID=2160
DELETE FROM ESTACIONES WHERE AL_ID=2161
DELETE FROM ESTACIONES WHERE AL_ID=2162
DELETE FROM ESTACIONES WHERE AL_ID=2163
DELETE FROM ESTACIONES WHERE AL_ID=2164
DELETE FROM ESTACIONES WHERE AL_ID=2165
DELETE FROM ESTACIONES WHERE AL_ID=2166
DELETE FROM ESTACIONES WHERE AL_ID=2167
DELETE FROM ESTACIONES WHERE AL_ID=2168
DELETE FROM ESTACIONES WHERE AL_ID=2169
INSERT INTO ESTACIONES VALUES(2170,1,'Museo Castagnino','Oro\u00f1o 1658',1,'active',1629830948,FALSE,0,19,1,-32.95421439665977E0,-60.65598696470261E0)
INSERT INTO ESTACIONES VALUES(2171,2,'Paseo Pellegrini','Av. Pellegrini 1377',2,'active',1629830951,FALSE,0,20,0,-32.95666307690848E0,-60.64486920833588E0)
INSERT INTO ESTACIONES VALUES(2172,3,'Plaza L\u00f3pez','Pellegrini  779',3,'active',1629830955,FALSE,0,11,9,-32.95812144981906E0,-60.63670188188553E0)
INSERT INTO ESTACIONES VALUES(2173,4,'Fac. de Ingenier\u00eda','Av. Pellegrini 280',4,'active',1629830943,FALSE,0,9,11,-32.95921521370776E0,-60.62944918870926E0)
INSERT INTO ESTACIONES VALUES(2174,5,'Ciudad Univ. I','Riobamba 239 BIS',5,'active',1629830941,FALSE,0,11,10,-32.96736625395059E0,-60.62357246875763E0)
INSERT INTO ESTACIONES VALUES(2175,6,'Ciudad Univ. II','Berruti 2271',6,'active',1629830945,FALSE,0,9,7,-32.96850040867347E0,-60.62398016452789E0)
INSERT INTO ESTACIONES VALUES(2176,7,'Terminal','Cafferata 723',7,'active',1629830935,FALSE,0,19,2,-32.93944885753075E0,-60.67054331302643E0)
INSERT INTO ESTACIONES VALUES(2177,8,'Fac. Medicina','Av. Francia 723',8,'active',1629830944,FALSE,3,13,4,-32.9403492658816E0,-60.665243268013E0)
INSERT INTO ESTACIONES VALUES(2178,9,'Pueyrred\u00f3n','Pueyrred\u00f3n 1023',9,'active',1629830951,FALSE,1,4,4,-32.94573801821987E0,-60.65809518098831E0)
INSERT INTO ESTACIONES VALUES(2179,10,'Fac. Ciencias Econ\u00f3micas','Bv. Oro\u00f1o 1283',10,'active',1629830937,FALSE,1,16,4,-32.94996730598237E0,-60.65478533506393E0)
INSERT INTO ESTACIONES VALUES(2180,11,'Plaza San Mart\u00edn','Mariano Moreno 779',11,'active',1629830952,FALSE,0,9,10,-32.94402733877261E0,-60.65053671598434E0)
INSERT INTO ESTACIONES VALUES(2181,12,'Plaza Pringles','C\u00f3rdoba 1551',12,'active',1629830931,FALSE,1,16,4,-32.94531035146112E0,-60.64449772238731E0)
INSERT INTO ESTACIONES VALUES(2182,13,'Plaza Montenegro','San Luis 1020',14,'active',1629830942,FALSE,0,18,3,-32.9493843560409E0,-60.63740864396095E0)
INSERT INTO ESTACIONES VALUES(2183,14,'Plaza Sarmiento','Entre Rios 1016',13,'active',1629830942,FALSE,0,17,3,-32.94882616098827E0,-60.64177662134171E0)
INSERT INTO ESTACIONES VALUES(2184,15,'Plaza 25 de Mayo','C\u00f3rdoba 720',15,'active',1629830937,FALSE,0,18,2,-32.94755220262625E0,-60.63288778066635E0)
INSERT INTO ESTACIONES VALUES(2185,16,'Pichincha','Bv. Oro\u00f1o 173',16,'active',1629830926,FALSE,1,5,15,-32.93659000025387E0,-60.65140575170517E0)
INSERT INTO ESTACIONES VALUES(2186,17,'Distrito Centro','Wheelwright 1587',17,'active',1629830947,FALSE,2,11,9,-32.93587864817957E0,-60.64261347055435E0)
INSERT INTO ESTACIONES VALUES(2187,18,'Parque Espa\u00f1a','Dr. Mario Armas 1005',18,'active',1629830946,FALSE,1,8,11,-32.94099755421734E0,-60.63473045825958E0)
INSERT INTO ESTACIONES VALUES(2188,21,'Parque Independencia I','Av. Pellegrini 2775',19,'active',1629830942,FALSE,0,6,6,-32.95358421061909E0,-60.66343545913696E0)
INSERT INTO ESTACIONES VALUES(2189,22,'HECA / UCA','Av. Pellegrini 3275',33,'active',1629830945,FALSE,0,20,0,-32.95206724436681E0,-60.67079275846481E0)
INSERT INTO ESTACIONES VALUES(2190,23,'Parque Independencia II','Av. J Coronado 2667',31,'active',1629830941,FALSE,0,19,1,-32.96512040461018E0,-60.65592795610428E0)
INSERT INTO ESTACIONES VALUES(2191,24,'Parque de la Arenera','Av. Estanislao L\u00f3pez 2861',36,'active',1629830946,FALSE,0,16,4,-32.92663505330592E0,-60.65880596637726E0)
INSERT INTO ESTACIONES VALUES(2192,25,'Plaza Suecia','Bv. Oro\u00f1o 239 bis',28,'active',1629830946,FALSE,1,9,11,-32.93184904583995E0,-60.65018132328987E0)
INSERT INTO ESTACIONES VALUES(2193,26,'Gimnasio UNR','Mariano Moreno 483',26,'active',1629830942,FALSE,0,19,1,-32.94041229412281E0,-60.64960062503815E0)
INSERT INTO ESTACIONES VALUES(2194,27,'Abasto','Entre R\u00edos 2230',21,'active',1629830939,FALSE,1,17,3,-32.96268096048085E0,-60.64523935317993E0)
INSERT INTO ESTACIONES VALUES(2195,28,'Parque Hip\u00f3lito Yrigoyen','27 de Febrero 880',32,'active',1629830927,FALSE,0,12,4,-32.96806835144843E0,-60.64059376716614E0)
INSERT INTO ESTACIONES VALUES(2196,29,'Rep\u00fablica de la Sexta','Buenos Aires 2181',22,'active',1629830936,FALSE,0,8,12,-32.96399070730771E0,-60.63680648803711E0)
INSERT INTO ESTACIONES VALUES(2197,30,'Barrio Martin','Mendoza 391',24,'active',1629830952,FALSE,3,7,9,-32.95339515393067E0,-60.62930703163147E0)
INSERT INTO ESTACIONES VALUES(2198,31,'Pichincha II','Salta 2820',25,'active',1629830930,FALSE,1,19,1,-32.93516278810112E0,-60.65977692604065E0)
INSERT INTO ESTACIONES VALUES(2199,32,'Plaza Cooperaci\u00f3n','Tucuman 1221',27,'active',1629830926,FALSE,1,19,1,-32.94162782998716E0,-60.63880205154419E0)
INSERT INTO ESTACIONES VALUES(2200,33,'Barrio Parque','Av. Francia 2270',29,'active',1629830927,FALSE,1,6,6,-32.95894064873677E0,-60.67002296447754E0)
INSERT INTO ESTACIONES VALUES(2201,34,'Estadio Municipal','27 de Febrero 2700',30,'active',1629830939,FALSE,0,11,9,-32.96361263805213E0,-60.66525936126709E0)
INSERT INTO ESTACIONES VALUES(2202,35,'CC Echesortu','Mendoza 3481',34,'active',1629830937,FALSE,0,18,2,-32.94575602519591E0,-60.6721043586731E0)
INSERT INTO ESTACIONES VALUES(2203,36,'Paseo Pellegrini II','Av. Pellegrini 1851',20,'active',1629830937,FALSE,2,12,8,-32.9556277975818E0,-60.65117239952087E0)
INSERT INTO ESTACIONES VALUES(2204,37,'Club Provincial','Bv. Oro\u00f1o 3180',49,'active',1629830951,FALSE,2,10,6,-32.97151124878278E0,-60.6603080034256E0)
INSERT INTO ESTACIONES VALUES(2205,38,'Barrio Hospitales','Rueda 1128',37,'active',1629830926,FALSE,2,9,11,-32.97084968284816E0,-60.64461708068848E0)
INSERT INTO ESTACIONES VALUES(2206,39,'Parque Hip\u00f3lito Yrigoyen II','Al\u00e9m 2624',38,'active',1629830928,FALSE,0,9,7,-32.96977681526667E0,-60.63395261764526E0)
INSERT INTO ESTACIONES VALUES(2207,40,'Plaza Gral. Toribio de Luzuriaga','Av. San Mart\u00edn 3427 y Uruguay',51,'active',1629830944,FALSE,0,12,4,-32.97733374029842E0,-60.64409136772156E0)
INSERT INTO ESTACIONES VALUES(2208,41,'Pellegrini y Avellaneda',' Av. Pellegrini 4079',41,'active',1629830954,FALSE,0,9,3,-32.95019913442736E0,-60.68156719207764E0)
INSERT INTO ESTACIONES VALUES(2209,42,'Puerto Norte','Carballo 184',44,'active',1629830922,FALSE,0,16,4,-32.92301479484789E0,-60.66567778587341E0)
INSERT INTO ESTACIONES VALUES(2210,43,'Lagos y Segui','Ov. Lagos 3581 y Segui',47,'active',1629830953,FALSE,1,9,6,-32.97468399612914E0,-60.66910028457642E0)
INSERT INTO ESTACIONES VALUES(2211,44,'Barrio Matheu','Bv. Segui 1319 y Entre R\u00edos',50,'active',1629830933,FALSE,1,7,9,-32.9785541435317E0,-60.64939141273499E0)
INSERT INTO ESTACIONES VALUES(2212,45,'CC Echesortu II','Mendoza 4085 y Av. Avellaneda',45,'active',1629830948,FALSE,1,16,4,-32.94441899725177E0,-60.68002223968506E0)
INSERT INTO ESTACIONES VALUES(2213,46,'Bella Vista','Bv. Avellaneda 2389 y Godoy',39,'active',1629830936,FALSE,0,6,6,-32.95778386563791E0,-60.68373441696167E0)
INSERT INTO ESTACIONES VALUES(2214,47,'Alto Rosario','Junin 391',43,'active',1629830950,FALSE,0,8,12,-32.92653599347845E0,-60.6690788269043E0)
INSERT INTO ESTACIONES VALUES(2215,48,'Oro\u00f1o y Segui','Bv. Segui 2186',48,'active',1629830952,FALSE,0,10,6,-32.97646608507204E0,-60.66103219985962E0)
INSERT INTO ESTACIONES VALUES(2216,49,'Plaza Eva Duarte de Per\u00f3n','Ayacucho 3385 y Ayolas',52,'active',1629830948,FALSE,1,13,7,-32.97858114396427E0,-60.63432276248932E0)
INSERT INTO ESTACIONES VALUES(2217,50,'Refiner\u00eda','Bv. Avellaneda  518 BIS y Carballo',42,'active',1629830948,FALSE,1,11,5,-32.92171051403622E0,-60.67459104854584E0)
INSERT INTO ESTACIONES VALUES(2218,51,'Arroyito','Bv. Avellaneda 1006 BIS y J. Ingenieros',46,'active',1629830934,FALSE,0,11,5,-32.91607261912905E0,-60.67317350108146E0)
INSERT INTO ESTACIONES VALUES(2219,52,'Barrio Agote','Salta 3228',35,'active',1629830925,FALSE,0,15,5,-32.93410631523491E0,-60.66570220787048E0)
INSERT INTO ESTACIONES VALUES(2220,53,'Cinco esquinas','Riobamba 3585  y San Nicol\u00e1s ',40,'active',1629830952,FALSE,0,11,0,-32.95708325593757E0,-60.67632375556946E0)
INSERT INTO ESTACIONES VALUES(2221,54,'Barrio Lourdes','Mendoza 2771',23,'active',1629830945,FALSE,1,18,2,-32.94759428718157E0,-60.6621026833725E0)
INSERT INTO ESTACIONES VALUES(2222,57,'Avellaneda y C\u00f3rdoba','Avellaneda 835',53,'active',1629830940,FALSE,0,17,3,-32.939457E0,-60.679149E0)
INSERT INTO ESTACIONES VALUES(2223,58,'Distrito Oeste','Av. Pte. Per\u00f3n 4602',54,'active',1629830932,FALSE,1,13,6,-32.9581866E0,-60.6913242E0)
INSERT INTO ESTACIONES VALUES(2224,60,'Portal Rosario','Nansen 335',56,'active',1629830932,FALSE,0,6,13,-32.9093257E0,-60.6833951E0)
INSERT INTO ESTACIONES VALUES(2225,62,'Lisandro de la Torre','Bv. Rondeau 112',57,'active',1629830949,FALSE,0,7,13,-32.91422795893311E0,-60.68635056866098E0)
INSERT INTO ESTACIONES VALUES(2226,67,'Plaza Alberdi','Bv. Rondeau 1950',60,'active',1629830951,FALSE,0,10,10,-32.89464556057717E0,-60.69265425549448E0)
INSERT INTO ESTACIONES VALUES(2227,68,'Rondeau y Washington','Bv. Rondeau 1365',59,'active',1629830938,FALSE,0,12,3,-32.9004262817609E0,-60.69081468532575E0)
INSERT INTO ESTACIONES VALUES(2228,69,'PAMI II','Oliv\u00e9 1175',55,'active',1629830930,FALSE,3,6,14,-32.91293717782394E0,-60.68009608761775E0)
INSERT INTO ESTACIONES VALUES(2229,70,'La Rambla','Av. Eudoro Carrasco 2034',61,'active',1629830941,FALSE,2,23,19,-32.89180515414552E0,-60.68577111042986E0)
INSERT INTO ESTACIONES VALUES(2230,71,'La Florida','Av. Eudoro Carrasco 3226',62,'active',1629830942,FALSE,1,11,9,-32.88490773761225E0,-60.68735302130975E0)
INSERT INTO ESTACIONES VALUES(2231,72,'Parque Alem','Av. Frondizi 3163',63,'active',1629830940,FALSE,0,12,8,-32.910503E0,-60.677572E0)
INSERT INTO ESTACIONES VALUES(2232,73,'Rondeau y Sorrento','Bv. Rondeau 883',58,'active',1629830949,FALSE,0,9,7,-32.90654927658849E0,-60.6889224677472E0)
INSERT INTO ESTACIONES VALUES(2233,74,'Mendoza y Sucre','Mendoza 4881',64,'active',1629830934,FALSE,0,15,5,-32.942375E0,-60.691032E0)
INSERT INTO ESTACIONES VALUES(2234,75,'Plaza Azcu\u00e9naga','Mendoza 5335',65,'active',1629830931,FALSE,0,20,0,-32.941427E0,-60.696252E0)
INSERT INTO ESTACIONES VALUES(2235,76,'Mendoza y Magallanes','Mendoza 6043',66,'active',1629830938,FALSE,0,17,3,-32.940079E0,-60.705073E0)
INSERT INTO ESTACIONES VALUES(2236,77,'Cuatro Plazas','Mendoza 6591',67,'active',1629830946,FALSE,1,7,13,-32.940247E0,-60.711147E0)
INSERT INTO ESTACIONES VALUES(2237,78,'Provincias Unidas y Eva Per\u00f3n','Av. Provincias Unidas 410',68,'active',1629830945,FALSE,0,17,2,-32.933226E0,-60.713076E0)
INSERT INTO ESTACIONES VALUES(2238,82,'Distrito Noroeste','Av. Provincias Unidas 150 bis',69,'active',1629830942,FALSE,0,8,11,-32.928205E0,-60.712881E0)
INSERT INTO ESTACIONES VALUES(2239,85,'Costa Alta','Av. Eudoro Carrasco 4217',72,'active',1629830940,FALSE,2,15,5,-32.8736414E0,-60.6890764E0)
COMMIT
DISCONNECT
/*C20*/SET SCHEMA PUBLIC
DELETE FROM ESTACIONES WHERE AL_ID=2170
DELETE FROM ESTACIONES WHERE AL_ID=2171
DELETE FROM ESTACIONES WHERE AL_ID=2172
DELETE FROM ESTACIONES WHERE AL_ID=2173
DELETE FROM ESTACIONES WHERE AL_ID=2174
DELETE FROM ESTACIONES WHERE AL_ID=2175
DELETE FROM ESTACIONES WHERE AL_ID=2176
DELETE FROM ESTACIONES WHERE AL_ID=2177
DELETE FROM ESTACIONES WHERE AL_ID=2178
DELETE FROM ESTACIONES WHERE AL_ID=2179
DELETE FROM ESTACIONES WHERE AL_ID=2180
DELETE FROM ESTACIONES WHERE AL_ID=2181
DELETE FROM ESTACIONES WHERE AL_ID=2182
DELETE FROM ESTACIONES WHERE AL_ID=2183
DELETE FROM ESTACIONES WHERE AL_ID=2184
DELETE FROM ESTACIONES WHERE AL_ID=2185
DELETE FROM ESTACIONES WHERE AL_ID=2186
DELETE FROM ESTACIONES WHERE AL_ID=2187
DELETE FROM ESTACIONES WHERE AL_ID=2188
DELETE FROM ESTACIONES WHERE AL_ID=2189
DELETE FROM ESTACIONES WHERE AL_ID=2190
DELETE FROM ESTACIONES WHERE AL_ID=2191
DELETE FROM ESTACIONES WHERE AL_ID=2192
DELETE FROM ESTACIONES WHERE AL_ID=2193
DELETE FROM ESTACIONES WHERE AL_ID=2194
DELETE FROM ESTACIONES WHERE AL_ID=2195
DELETE FROM ESTACIONES WHERE AL_ID=2196
DELETE FROM ESTACIONES WHERE AL_ID=2197
DELETE FROM ESTACIONES WHERE AL_ID=2198
DELETE FROM ESTACIONES WHERE AL_ID=2199
DELETE FROM ESTACIONES WHERE AL_ID=2200
DELETE FROM ESTACIONES WHERE AL_ID=2201
DELETE FROM ESTACIONES WHERE AL_ID=2202
DELETE FROM ESTACIONES WHERE AL_ID=2203
DELETE FROM ESTACIONES WHERE AL_ID=2204
DELETE FROM ESTACIONES WHERE AL_ID=2205
DELETE FROM ESTACIONES WHERE AL_ID=2206
DELETE FROM ESTACIONES WHERE AL_ID=2207
DELETE FROM ESTACIONES WHERE AL_ID=2208
DELETE FROM ESTACIONES WHERE AL_ID=2209
DELETE FROM ESTACIONES WHERE AL_ID=2210
DELETE FROM ESTACIONES WHERE AL_ID=2211
DELETE FROM ESTACIONES WHERE AL_ID=2212
DELETE FROM ESTACIONES WHERE AL_ID=2213
DELETE FROM ESTACIONES WHERE AL_ID=2214
DELETE FROM ESTACIONES WHERE AL_ID=2215
DELETE FROM ESTACIONES WHERE AL_ID=2216
DELETE FROM ESTACIONES WHERE AL_ID=2217
DELETE FROM ESTACIONES WHERE AL_ID=2218
DELETE FROM ESTACIONES WHERE AL_ID=2219
DELETE FROM ESTACIONES WHERE AL_ID=2220
DELETE FROM ESTACIONES WHERE AL_ID=2221
DELETE FROM ESTACIONES WHERE AL_ID=2222
DELETE FROM ESTACIONES WHERE AL_ID=2223
DELETE FROM ESTACIONES WHERE AL_ID=2224
DELETE FROM ESTACIONES WHERE AL_ID=2225
DELETE FROM ESTACIONES WHERE AL_ID=2226
DELETE FROM ESTACIONES WHERE AL_ID=2227
DELETE FROM ESTACIONES WHERE AL_ID=2228
DELETE FROM ESTACIONES WHERE AL_ID=2229
DELETE FROM ESTACIONES WHERE AL_ID=2230
DELETE FROM ESTACIONES WHERE AL_ID=2231
DELETE FROM ESTACIONES WHERE AL_ID=2232
DELETE FROM ESTACIONES WHERE AL_ID=2233
DELETE FROM ESTACIONES WHERE AL_ID=2234
DELETE FROM ESTACIONES WHERE AL_ID=2235
DELETE FROM ESTACIONES WHERE AL_ID=2236
DELETE FROM ESTACIONES WHERE AL_ID=2237
DELETE FROM ESTACIONES WHERE AL_ID=2238
DELETE FROM ESTACIONES WHERE AL_ID=2239
INSERT INTO ESTACIONES VALUES(2240,1,'Museo Castagnino','Oro\u00f1o 1658',1,'active',1629830948,FALSE,0,19,1,-32.95421439665977E0,-60.65598696470261E0)
INSERT INTO ESTACIONES VALUES(2241,2,'Paseo Pellegrini','Av. Pellegrini 1377',2,'active',1629830951,FALSE,0,20,0,-32.95666307690848E0,-60.64486920833588E0)
INSERT INTO ESTACIONES VALUES(2242,3,'Plaza L\u00f3pez','Pellegrini  779',3,'active',1629830955,FALSE,0,11,9,-32.95812144981906E0,-60.63670188188553E0)
INSERT INTO ESTACIONES VALUES(2243,4,'Fac. de Ingenier\u00eda','Av. Pellegrini 280',4,'active',1629830943,FALSE,0,9,11,-32.95921521370776E0,-60.62944918870926E0)
INSERT INTO ESTACIONES VALUES(2244,5,'Ciudad Univ. I','Riobamba 239 BIS',5,'active',1629830941,FALSE,0,11,10,-32.96736625395059E0,-60.62357246875763E0)
INSERT INTO ESTACIONES VALUES(2245,6,'Ciudad Univ. II','Berruti 2271',6,'active',1629830945,FALSE,0,9,7,-32.96850040867347E0,-60.62398016452789E0)
INSERT INTO ESTACIONES VALUES(2246,7,'Terminal','Cafferata 723',7,'active',1629830935,FALSE,0,19,2,-32.93944885753075E0,-60.67054331302643E0)
INSERT INTO ESTACIONES VALUES(2247,8,'Fac. Medicina','Av. Francia 723',8,'active',1629830944,FALSE,3,13,4,-32.9403492658816E0,-60.665243268013E0)
INSERT INTO ESTACIONES VALUES(2248,9,'Pueyrred\u00f3n','Pueyrred\u00f3n 1023',9,'active',1629830951,FALSE,1,4,4,-32.94573801821987E0,-60.65809518098831E0)
INSERT INTO ESTACIONES VALUES(2249,10,'Fac. Ciencias Econ\u00f3micas','Bv. Oro\u00f1o 1283',10,'active',1629830937,FALSE,1,16,4,-32.94996730598237E0,-60.65478533506393E0)
INSERT INTO ESTACIONES VALUES(2250,11,'Plaza San Mart\u00edn','Mariano Moreno 779',11,'active',1629830952,FALSE,0,9,10,-32.94402733877261E0,-60.65053671598434E0)
INSERT INTO ESTACIONES VALUES(2251,12,'Plaza Pringles','C\u00f3rdoba 1551',12,'active',1629830931,FALSE,1,16,4,-32.94531035146112E0,-60.64449772238731E0)
INSERT INTO ESTACIONES VALUES(2252,13,'Plaza Montenegro','San Luis 1020',14,'active',1629830942,FALSE,0,18,3,-32.9493843560409E0,-60.63740864396095E0)
INSERT INTO ESTACIONES VALUES(2253,14,'Plaza Sarmiento','Entre Rios 1016',13,'active',1629830942,FALSE,0,17,3,-32.94882616098827E0,-60.64177662134171E0)
INSERT INTO ESTACIONES VALUES(2254,15,'Plaza 25 de Mayo','C\u00f3rdoba 720',15,'active',1629830937,FALSE,0,18,2,-32.94755220262625E0,-60.63288778066635E0)
INSERT INTO ESTACIONES VALUES(2255,16,'Pichincha','Bv. Oro\u00f1o 173',16,'active',1629830926,FALSE,1,5,15,-32.93659000025387E0,-60.65140575170517E0)
INSERT INTO ESTACIONES VALUES(2256,17,'Distrito Centro','Wheelwright 1587',17,'active',1629830947,FALSE,2,11,9,-32.93587864817957E0,-60.64261347055435E0)
INSERT INTO ESTACIONES VALUES(2257,18,'Parque Espa\u00f1a','Dr. Mario Armas 1005',18,'active',1629830946,FALSE,1,8,11,-32.94099755421734E0,-60.63473045825958E0)
INSERT INTO ESTACIONES VALUES(2258,21,'Parque Independencia I','Av. Pellegrini 2775',19,'active',1629830942,FALSE,0,6,6,-32.95358421061909E0,-60.66343545913696E0)
INSERT INTO ESTACIONES VALUES(2259,22,'HECA / UCA','Av. Pellegrini 3275',33,'active',1629830945,FALSE,0,20,0,-32.95206724436681E0,-60.67079275846481E0)
INSERT INTO ESTACIONES VALUES(2260,23,'Parque Independencia II','Av. J Coronado 2667',31,'active',1629830941,FALSE,0,19,1,-32.96512040461018E0,-60.65592795610428E0)
INSERT INTO ESTACIONES VALUES(2261,24,'Parque de la Arenera','Av. Estanislao L\u00f3pez 2861',36,'active',1629830946,FALSE,0,16,4,-32.92663505330592E0,-60.65880596637726E0)
INSERT INTO ESTACIONES VALUES(2262,25,'Plaza Suecia','Bv. Oro\u00f1o 239 bis',28,'active',1629830946,FALSE,1,9,11,-32.93184904583995E0,-60.65018132328987E0)
INSERT INTO ESTACIONES VALUES(2263,26,'Gimnasio UNR','Mariano Moreno 483',26,'active',1629830942,FALSE,0,19,1,-32.94041229412281E0,-60.64960062503815E0)
INSERT INTO ESTACIONES VALUES(2264,27,'Abasto','Entre R\u00edos 2230',21,'active',1629830939,FALSE,1,17,3,-32.96268096048085E0,-60.64523935317993E0)
INSERT INTO ESTACIONES VALUES(2265,28,'Parque Hip\u00f3lito Yrigoyen','27 de Febrero 880',32,'active',1629830927,FALSE,0,12,4,-32.96806835144843E0,-60.64059376716614E0)
INSERT INTO ESTACIONES VALUES(2266,29,'Rep\u00fablica de la Sexta','Buenos Aires 2181',22,'active',1629830936,FALSE,0,8,12,-32.96399070730771E0,-60.63680648803711E0)
INSERT INTO ESTACIONES VALUES(2267,30,'Barrio Martin','Mendoza 391',24,'active',1629830952,FALSE,3,7,9,-32.95339515393067E0,-60.62930703163147E0)
INSERT INTO ESTACIONES VALUES(2268,31,'Pichincha II','Salta 2820',25,'active',1629830930,FALSE,1,19,1,-32.93516278810112E0,-60.65977692604065E0)
INSERT INTO ESTACIONES VALUES(2269,32,'Plaza Cooperaci\u00f3n','Tucuman 1221',27,'active',1629830926,FALSE,1,19,1,-32.94162782998716E0,-60.63880205154419E0)
INSERT INTO ESTACIONES VALUES(2270,33,'Barrio Parque','Av. Francia 2270',29,'active',1629830927,FALSE,1,6,6,-32.95894064873677E0,-60.67002296447754E0)
INSERT INTO ESTACIONES VALUES(2271,34,'Estadio Municipal','27 de Febrero 2700',30,'active',1629830939,FALSE,0,11,9,-32.96361263805213E0,-60.66525936126709E0)
INSERT INTO ESTACIONES VALUES(2272,35,'CC Echesortu','Mendoza 3481',34,'active',1629830937,FALSE,0,18,2,-32.94575602519591E0,-60.6721043586731E0)
INSERT INTO ESTACIONES VALUES(2273,36,'Paseo Pellegrini II','Av. Pellegrini 1851',20,'active',1629830937,FALSE,2,12,8,-32.9556277975818E0,-60.65117239952087E0)
INSERT INTO ESTACIONES VALUES(2274,37,'Club Provincial','Bv. Oro\u00f1o 3180',49,'active',1629830951,FALSE,2,10,6,-32.97151124878278E0,-60.6603080034256E0)
INSERT INTO ESTACIONES VALUES(2275,38,'Barrio Hospitales','Rueda 1128',37,'active',1629830926,FALSE,2,9,11,-32.97084968284816E0,-60.64461708068848E0)
INSERT INTO ESTACIONES VALUES(2276,39,'Parque Hip\u00f3lito Yrigoyen II','Al\u00e9m 2624',38,'active',1629830928,FALSE,0,9,7,-32.96977681526667E0,-60.63395261764526E0)
INSERT INTO ESTACIONES VALUES(2277,40,'Plaza Gral. Toribio de Luzuriaga','Av. San Mart\u00edn 3427 y Uruguay',51,'active',1629830944,FALSE,0,12,4,-32.97733374029842E0,-60.64409136772156E0)
INSERT INTO ESTACIONES VALUES(2278,41,'Pellegrini y Avellaneda',' Av. Pellegrini 4079',41,'active',1629830954,FALSE,0,9,3,-32.95019913442736E0,-60.68156719207764E0)
INSERT INTO ESTACIONES VALUES(2279,42,'Puerto Norte','Carballo 184',44,'active',1629830922,FALSE,0,16,4,-32.92301479484789E0,-60.66567778587341E0)
INSERT INTO ESTACIONES VALUES(2280,43,'Lagos y Segui','Ov. Lagos 3581 y Segui',47,'active',1629830953,FALSE,1,9,6,-32.97468399612914E0,-60.66910028457642E0)
INSERT INTO ESTACIONES VALUES(2281,44,'Barrio Matheu','Bv. Segui 1319 y Entre R\u00edos',50,'active',1629830933,FALSE,1,7,9,-32.9785541435317E0,-60.64939141273499E0)
INSERT INTO ESTACIONES VALUES(2282,45,'CC Echesortu II','Mendoza 4085 y Av. Avellaneda',45,'active',1629830948,FALSE,1,16,4,-32.94441899725177E0,-60.68002223968506E0)
INSERT INTO ESTACIONES VALUES(2283,46,'Bella Vista','Bv. Avellaneda 2389 y Godoy',39,'active',1629830936,FALSE,0,6,6,-32.95778386563791E0,-60.68373441696167E0)
INSERT INTO ESTACIONES VALUES(2284,47,'Alto Rosario','Junin 391',43,'active',1629830950,FALSE,0,8,12,-32.92653599347845E0,-60.6690788269043E0)
INSERT INTO ESTACIONES VALUES(2285,48,'Oro\u00f1o y Segui','Bv. Segui 2186',48,'active',1629830952,FALSE,0,10,6,-32.97646608507204E0,-60.66103219985962E0)
INSERT INTO ESTACIONES VALUES(2286,49,'Plaza Eva Duarte de Per\u00f3n','Ayacucho 3385 y Ayolas',52,'active',1629830948,FALSE,1,13,7,-32.97858114396427E0,-60.63432276248932E0)
INSERT INTO ESTACIONES VALUES(2287,50,'Refiner\u00eda','Bv. Avellaneda  518 BIS y Carballo',42,'active',1629830948,FALSE,1,11,5,-32.92171051403622E0,-60.67459104854584E0)
INSERT INTO ESTACIONES VALUES(2288,51,'Arroyito','Bv. Avellaneda 1006 BIS y J. Ingenieros',46,'active',1629830934,FALSE,0,11,5,-32.91607261912905E0,-60.67317350108146E0)
INSERT INTO ESTACIONES VALUES(2289,52,'Barrio Agote','Salta 3228',35,'active',1629830925,FALSE,0,15,5,-32.93410631523491E0,-60.66570220787048E0)
INSERT INTO ESTACIONES VALUES(2290,53,'Cinco esquinas','Riobamba 3585  y San Nicol\u00e1s ',40,'active',1629830952,FALSE,0,11,0,-32.95708325593757E0,-60.67632375556946E0)
INSERT INTO ESTACIONES VALUES(2291,54,'Barrio Lourdes','Mendoza 2771',23,'active',1629830945,FALSE,1,18,2,-32.94759428718157E0,-60.6621026833725E0)
INSERT INTO ESTACIONES VALUES(2292,57,'Avellaneda y C\u00f3rdoba','Avellaneda 835',53,'active',1629830940,FALSE,0,17,3,-32.939457E0,-60.679149E0)
INSERT INTO ESTACIONES VALUES(2293,58,'Distrito Oeste','Av. Pte. Per\u00f3n 4602',54,'active',1629830932,FALSE,1,13,6,-32.9581866E0,-60.6913242E0)
INSERT INTO ESTACIONES VALUES(2294,60,'Portal Rosario','Nansen 335',56,'active',1629830932,FALSE,0,6,13,-32.9093257E0,-60.6833951E0)
INSERT INTO ESTACIONES VALUES(2295,62,'Lisandro de la Torre','Bv. Rondeau 112',57,'active',1629830949,FALSE,0,7,13,-32.91422795893311E0,-60.68635056866098E0)
INSERT INTO ESTACIONES VALUES(2296,67,'Plaza Alberdi','Bv. Rondeau 1950',60,'active',1629830951,FALSE,0,10,10,-32.89464556057717E0,-60.69265425549448E0)
INSERT INTO ESTACIONES VALUES(2297,68,'Rondeau y Washington','Bv. Rondeau 1365',59,'active',1629830938,FALSE,0,12,3,-32.9004262817609E0,-60.69081468532575E0)
INSERT INTO ESTACIONES VALUES(2298,69,'PAMI II','Oliv\u00e9 1175',55,'active',1629830930,FALSE,3,6,14,-32.91293717782394E0,-60.68009608761775E0)
INSERT INTO ESTACIONES VALUES(2299,70,'La Rambla','Av. Eudoro Carrasco 2034',61,'active',1629830941,FALSE,2,23,19,-32.89180515414552E0,-60.68577111042986E0)
INSERT INTO ESTACIONES VALUES(2300,71,'La Florida','Av. Eudoro Carrasco 3226',62,'active',1629830942,FALSE,1,11,9,-32.88490773761225E0,-60.68735302130975E0)
INSERT INTO ESTACIONES VALUES(2301,72,'Parque Alem','Av. Frondizi 3163',63,'active',1629830940,FALSE,0,12,8,-32.910503E0,-60.677572E0)
INSERT INTO ESTACIONES VALUES(2302,73,'Rondeau y Sorrento','Bv. Rondeau 883',58,'active',1629830949,FALSE,0,9,7,-32.90654927658849E0,-60.6889224677472E0)
INSERT INTO ESTACIONES VALUES(2303,74,'Mendoza y Sucre','Mendoza 4881',64,'active',1629830934,FALSE,0,15,5,-32.942375E0,-60.691032E0)
INSERT INTO ESTACIONES VALUES(2304,75,'Plaza Azcu\u00e9naga','Mendoza 5335',65,'active',1629830931,FALSE,0,20,0,-32.941427E0,-60.696252E0)
INSERT INTO ESTACIONES VALUES(2305,76,'Mendoza y Magallanes','Mendoza 6043',66,'active',1629830938,FALSE,0,17,3,-32.940079E0,-60.705073E0)
INSERT INTO ESTACIONES VALUES(2306,77,'Cuatro Plazas','Mendoza 6591',67,'active',1629830946,FALSE,1,7,13,-32.940247E0,-60.711147E0)
INSERT INTO ESTACIONES VALUES(2307,78,'Provincias Unidas y Eva Per\u00f3n','Av. Provincias Unidas 410',68,'active',1629830945,FALSE,0,17,2,-32.933226E0,-60.713076E0)
INSERT INTO ESTACIONES VALUES(2308,82,'Distrito Noroeste','Av. Provincias Unidas 150 bis',69,'active',1629830942,FALSE,0,8,11,-32.928205E0,-60.712881E0)
INSERT INTO ESTACIONES VALUES(2309,85,'Costa Alta','Av. Eudoro Carrasco 4217',72,'active',1629830940,FALSE,2,15,5,-32.8736414E0,-60.6890764E0)
COMMIT
DISCONNECT
